[LOG] System::create                           : Header version = 2.02.28. Current version = 2.02.28.
[LOG] Manager::init                            : maxchannels = 256 studioflags = 00000006 flags 00000000 extradriverdata 0000000000000000.
[LOG] SystemI::init                            : Initialize version=20228 (150745), maxchannels=256, flags=0x00020000
[LOG] SystemI::setOutputInternal               : Setting output to 'FMOD WASAPI Output'
[LOG] OutputWASAPI::init                       : Mix Format (WAVEFORMATEX): wFormatTag=0xFFFE, nChannels=8, nSamplesPerSec=96000, nAvgBytesPerSec=3072000, nBlockAlign=32, wBitsPerSample=32, cbSize=22.
[LOG] OutputWASAPI::init                       : Mix Format (WAVEFORMATEXTENSIBLE): wValidBitsPerSample=32, dwChannelMask=0x0000063F, SubFormat=00000003-0000-0010-8000-00AA00389B71.
[LOG] OutputWASAPI::init                       : Output buffer size: 8192 samples, latency: 0.00ms, period: 10.00ms, DSP buffer: 1024 * 4
[LOG] SystemI::init                            : Output requires a sample rate of 96000Hz, resampling will occur.
[LOG] DownMix::init                            : dspbuffersize: 1024  rate: 48000. output speaker mode: 7, input speaker mode 3
[LOG] DownMix::init                            : done.
[LOG] Thread::initThread                       : Init FMOD stream thread. Affinity: 0x4000000000000003, Priority: 0xFFFF7FFB, Stack Size: 98304, Semaphore: No, Sleep Time: 10, Looping: Yes.
[LOG] Thread::initThread                       : Init FMOD mixer thread. Affinity: 0x4000000000000001, Priority: 0xFFFF7FFA, Stack Size: 81920, Semaphore: No, Sleep Time: 0, Looping: Yes.
[LOG] AsyncManager::init                       : manager 0000023BD4107578 isAsync 0 updatePeriod 0.02
[LOG] AsyncManager::init                       : done
[LOG] PlaybackSystem::init                     : 
[LOG] Thread::initThread                       : Init FMOD Studio sample load thread. Affinity: 0x4000000000000003, Priority: 0xFFFF7FFD, Stack Size: 98304, Semaphore: No, Sleep Time: 1, Looping: No.
[LOG] PlaybackSystem::init                     : done
[LOG] Thread::initThread                       : Init FMOD Studio bank load thread. Affinity: 0x4000000000000003, Priority: 0xFFFF7FFD, Stack Size: 98304, Semaphore: No, Sleep Time: 1, Looping: No.
[LOG] Manager::init                            : done.
[LOG] Manager::readBank                        : fileversion = 142, compatVersion = 140 (oldest = 44, newest = 142)
[LOG] Manager::readBank                        : fileversion = 142, compatVersion = 140 (oldest = 44, newest = 142)
[LOG] PluginEffectModel::init                  : Missing DSP plugin 'Steam Audio Spatializer'
[LOG] PostLoad::initPluginEffects              : Creating stub DSP plugin model and continuing.
[LOG] PlaybackSystem::acquireMasterBus         : Setting master channel group format to 6
[LOG] Manager::readBank                        : fileversion = 142, compatVersion = 140 (oldest = 44, newest = 142)
[LOG] PluginEffectModel::init                  : Missing DSP plugin 'Steam Audio Spatializer'
[LOG] PostLoad::initPluginEffects              : Creating stub DSP plugin model and continuing.
[LOG] PluginEffectModel::init                  : Missing DSP plugin 'Steam Audio Spatializer'
[LOG] PostLoad::initPluginEffects              : Creating stub DSP plugin model and continuing.
[LOG] Manager::readBank                        : fileversion = 142, compatVersion = 140 (oldest = 44, newest = 142)
[LOG] Manager::readBank                        : fileversion = 142, compatVersion = 140 (oldest = 44, newest = 142)
[LOG] PluginEffectModel::init                  : Missing DSP plugin 'Steam Audio Spatializer'
[LOG] PostLoad::initPluginEffects              : Creating stub DSP plugin model and continuing.
[LOG] PluginEffectModel::init                  : Missing DSP plugin 'Steam Audio Spatializer'
[LOG] PostLoad::initPluginEffects              : Creating stub DSP plugin model and continuing.
[LOG] Manager::readBank                        : fileversion = 142, compatVersion = 140 (oldest = 44, newest = 142)
[LOG] Manager::readBank                        : fileversion = 142, compatVersion = 140 (oldest = 44, newest = 142)
[LOG] PluginEffectModel::init                  : Missing DSP plugin 'Steam Audio Spatializer'
[LOG] PostLoad::initPluginEffects              : Creating stub DSP plugin model and continuing.
[LOG] PluginEffectModel::init                  : Missing DSP plugin 'Steam Audio Spatializer'
[LOG] PostLoad::initPluginEffects              : Creating stub DSP plugin model and continuing.
[LOG] Manager::readBank                        : fileversion = 142, compatVersion = 140 (oldest = 44, newest = 142)
[WRN] EffectInstanceFactory::create            : Creating stub DSP for plugin 'Steam Audio Spatializer'
[LOG] SystemI::createSoundInternal             : Create name='', mode=0x02000202
[LOG] SystemI::createSoundInternal             : exinfo->cbsize             = 224
[LOG] SystemI::createSoundInternal             : exinfo->length             = 305440
[LOG] SystemI::createSoundInternal             : exinfo->fileoffset         = 27616
[LOG] SystemI::createSoundInternal             : exinfo->numsubsounds       = 1
[LOG] SystemI::createSoundInternal             : exinfo->inclusionlist      = 000000CCC72FEF08
[LOG] SystemI::createSoundInternal             : exinfo->inclusionlistnum   = 1
[LOG] SystemI::createSoundInternal             : exinfo->suggestedsoundtype = 5
[LOG] SystemI::createSoundInternal             : exinfo->useropen           = 00007FFD409D5B90
[LOG] SystemI::createSoundInternal             : exinfo->userclose          = 00007FFD409D5B50
[LOG] SystemI::createSoundInternal             : exinfo->userread           = 00007FFD409D5C70
[LOG] SystemI::createSoundInternal             : exinfo->userseek           = 00007FFD409D5D30
[LOG] SystemI::createSoundInternal             : exinfo->fileuserdata       = 00000239E1596F08
[LOG] SystemI::createSoundInternal             : exinfo->initialseekpostype = 1
[LOG] SystemI::DSPCodecPoolRegister            : register codec pool for pool type 5
[LOG] SystemI::createSoundInternal             : Sample 0/1: name='footstep_water_walk_03', format=5, channels=2, frequency=48000, lengthbytes=9632, lengthpcm=34857, pcmblocksize=0, loopstart=0, loopend=0, mode=0x00000000, channelmask=0x00000000, channelorder=0, peakvolume=0.860870.
[LOG] SystemI::createSoundInternal             : Create name='', mode=0x02000202
[LOG] SystemI::createSoundInternal             : exinfo->cbsize             = 224
[LOG] SystemI::createSoundInternal             : exinfo->length             = 305440
[LOG] SystemI::createSoundInternal             : exinfo->fileoffset         = 27616
[LOG] SystemI::createSoundInternal             : exinfo->numsubsounds       = 1
[LOG] SystemI::createSoundInternal             : exinfo->inclusionlist      = 000000CCC72FEF08
[LOG] SystemI::createSoundInternal             : exinfo->inclusionlistnum   = 1
[LOG] SystemI::createSoundInternal             : exinfo->suggestedsoundtype = 5
[LOG] SystemI::createSoundInternal             : exinfo->useropen           = 00007FFD409D5B90
[LOG] SystemI::createSoundInternal             : exinfo->userclose          = 00007FFD409D5B50
[LOG] SystemI::createSoundInternal             : exinfo->userread           = 00007FFD409D5C70
[LOG] SystemI::createSoundInternal             : exinfo->userseek           = 00007FFD409D5D30
[LOG] SystemI::createSoundInternal             : exinfo->fileuserdata       = 00000239E1596F08
[LOG] SystemI::createSoundInternal             : exinfo->initialseekpostype = 1
[LOG] SystemI::DSPCodecPoolRegister            : register codec pool for pool type 5
[LOG] SystemI::createSoundInternal             : Sample 0/1: name='footstep_wood_walk_02', format=5, channels=2, frequency=48000, lengthbytes=3712, lengthpcm=13342, pcmblocksize=0, loopstart=0, loopend=0, mode=0x00000000, channelmask=0x00000000, channelorder=0, peakvolume=0.891388.
[LOG] SystemI::createSoundInternal             : Create name='', mode=0x02000202
[LOG] SystemI::createSoundInternal             : exinfo->cbsize             = 224
[LOG] SystemI::createSoundInternal             : exinfo->length             = 305440
[LOG] SystemI::createSoundInternal             : exinfo->fileoffset         = 27616
[LOG] SystemI::createSoundInternal             : exinfo->numsubsounds       = 1
[LOG] SystemI::createSoundInternal             : exinfo->inclusionlist      = 000000CCC72FEF08
[LOG] SystemI::createSoundInternal             : exinfo->inclusionlistnum   = 1
[LOG] SystemI::createSoundInternal             : exinfo->suggestedsoundtype = 5
[LOG] SystemI::createSoundInternal             : exinfo->useropen           = 00007FFD409D5B90
[LOG] SystemI::createSoundInternal             : exinfo->userclose          = 00007FFD409D5B50
[LOG] SystemI::createSoundInternal             : exinfo->userread           = 00007FFD409D5C70
[LOG] SystemI::createSoundInternal             : exinfo->userseek           = 00007FFD409D5D30
[LOG] SystemI::createSoundInternal             : exinfo->fileuserdata       = 00000239E1596F08
[LOG] SystemI::createSoundInternal             : exinfo->initialseekpostype = 1
[LOG] SystemI::DSPCodecPoolRegister            : register codec pool for pool type 5
[LOG] SystemI::createSoundInternal             : Sample 0/1: name='footstep_water_walk_01', format=5, channels=2, frequency=48000, lengthbytes=9792, lengthpcm=33215, pcmblocksize=0, loopstart=0, loopend=0, mode=0x00000000, channelmask=0x00000000, channelorder=0, peakvolume=0.791901.
[LOG] SystemI::createSoundInternal             : Create name='', mode=0x02000202
[LOG] SystemI::createSoundInternal             : exinfo->cbsize             = 224
[LOG] SystemI::createSoundInternal             : exinfo->length             = 305440
[LOG] SystemI::createSoundInternal             : exinfo->fileoffset         = 27616
[LOG] SystemI::createSoundInternal             : exinfo->numsubsounds       = 1
[LOG] SystemI::createSoundInternal             : exinfo->inclusionlist      = 000000CCC72FEF08
[LOG] SystemI::createSoundInternal             : exinfo->inclusionlistnum   = 1
[LOG] SystemI::createSoundInternal             : exinfo->suggestedsoundtype = 5
[LOG] SystemI::createSoundInternal             : exinfo->useropen           = 00007FFD409D5B90
[LOG] SystemI::createSoundInternal             : exinfo->userclose          = 00007FFD409D5B50
[LOG] SystemI::createSoundInternal             : exinfo->userread           = 00007FFD409D5C70
[LOG] SystemI::createSoundInternal             : exinfo->userseek           = 00007FFD409D5D30
[LOG] SystemI::createSoundInternal             : exinfo->fileuserdata       = 00000239E1596F08
[LOG] SystemI::createSoundInternal             : exinfo->initialseekpostype = 1
[LOG] SystemI::DSPCodecPoolRegister            : register codec pool for pool type 5
[LOG] SystemI::createSoundInternal             : Sample 0/1: name='Footstep Carpet 03', format=5, channels=1, frequency=48000, lengthbytes=5184, lengthpcm=30000, pcmblocksize=0, loopstart=0, loopend=0, mode=0x00000000, channelmask=0x00000000, channelorder=0, peakvolume=0.535126.
[LOG] SystemI::createSoundInternal             : Create name='', mode=0x02000202
[LOG] SystemI::createSoundInternal             : exinfo->cbsize             = 224
[LOG] SystemI::createSoundInternal             : exinfo->length             = 305440
[LOG] SystemI::createSoundInternal             : exinfo->fileoffset         = 27616
[LOG] SystemI::createSoundInternal             : exinfo->numsubsounds       = 1
[LOG] SystemI::createSoundInternal             : exinfo->inclusionlist      = 000000CCC72FEF08
[LOG] SystemI::createSoundInternal             : exinfo->inclusionlistnum   = 1
[LOG] SystemI::createSoundInternal             : exinfo->suggestedsoundtype = 5
[LOG] SystemI::createSoundInternal             : exinfo->useropen           = 00007FFD409D5B90
[LOG] SystemI::createSoundInternal             : exinfo->userclose          = 00007FFD409D5B50
[LOG] SystemI::createSoundInternal             : exinfo->userread           = 00007FFD409D5C70
[LOG] SystemI::createSoundInternal             : exinfo->userseek           = 00007FFD409D5D30
[LOG] SystemI::createSoundInternal             : exinfo->fileuserdata       = 00000239E1596F08
[LOG] SystemI::createSoundInternal             : exinfo->initialseekpostype = 1
[LOG] SystemI::DSPCodecPoolRegister            : register codec pool for pool type 5
[LOG] SystemI::createSoundInternal             : Sample 0/1: name='footstep_concrete_walk_04', format=5, channels=2, frequency=48000, lengthbytes=4032, lengthpcm=12480, pcmblocksize=0, loopstart=0, loopend=0, mode=0x00000000, channelmask=0x00000000, channelorder=0, peakvolume=0.890015.
[LOG] SystemI::createSoundInternal             : Create name='', mode=0x02000202
[LOG] SystemI::createSoundInternal             : exinfo->cbsize             = 224
[LOG] SystemI::createSoundInternal             : exinfo->length             = 305440
[LOG] SystemI::createSoundInternal             : exinfo->fileoffset         = 27616
[LOG] SystemI::createSoundInternal             : exinfo->numsubsounds       = 1
[LOG] SystemI::createSoundInternal             : exinfo->inclusionlist      = 000000CCC72FEF08
[LOG] SystemI::createSoundInternal             : exinfo->inclusionlistnum   = 1
[LOG] SystemI::createSoundInternal             : exinfo->suggestedsoundtype = 5
[LOG] SystemI::createSoundInternal             : exinfo->useropen           = 00007FFD409D5B90
[LOG] SystemI::createSoundInternal             : exinfo->userclose          = 00007FFD409D5B50
[LOG] SystemI::createSoundInternal             : exinfo->userread           = 00007FFD409D5C70
[LOG] SystemI::createSoundInternal             : exinfo->userseek           = 00007FFD409D5D30
[LOG] SystemI::createSoundInternal             : exinfo->fileuserdata       = 00000239E1596F08
[LOG] SystemI::createSoundInternal             : exinfo->initialseekpostype = 1
[LOG] SystemI::DSPCodecPoolRegister            : register codec pool for pool type 5
[LOG] SystemI::createSoundInternal             : Sample 0/1: name='footstep_wood_walk_05', format=5, channels=2, frequency=48000, lengthbytes=3488, lengthpcm=13060, pcmblocksize=0, loopstart=0, loopend=0, mode=0x00000000, channelmask=0x00000000, channelorder=0, peakvolume=0.886902.
[LOG] SystemI::createSoundInternal             : Create name='', mode=0x02000202
[LOG] SystemI::createSoundInternal             : exinfo->cbsize             = 224
[LOG] SystemI::createSoundInternal             : exinfo->length             = 305440
[LOG] SystemI::createSoundInternal             : exinfo->fileoffset         = 27616
[LOG] SystemI::createSoundInternal             : exinfo->numsubsounds       = 1
[LOG] SystemI::createSoundInternal             : exinfo->inclusionlist      = 000000CCC72FEF08
[LOG] SystemI::createSoundInternal             : exinfo->inclusionlistnum   = 1
[LOG] SystemI::createSoundInternal             : exinfo->suggestedsoundtype = 5
[LOG] SystemI::createSoundInternal             : exinfo->useropen           = 00007FFD409D5B90
[LOG] SystemI::createSoundInternal             : exinfo->userclose          = 00007FFD409D5B50
[LOG] SystemI::createSoundInternal             : exinfo->userread           = 00007FFD409D5C70
[LOG] SystemI::createSoundInternal             : exinfo->userseek           = 00007FFD409D5D30
[LOG] SystemI::createSoundInternal             : exinfo->fileuserdata       = 00000239E1596F08
[LOG] SystemI::createSoundInternal             : exinfo->initialseekpostype = 1
[LOG] SystemI::DSPCodecPoolRegister            : register codec pool for pool type 5
[LOG] SystemI::createSoundInternal             : Sample 0/1: name='Footstep Metal 04', format=5, channels=1, frequency=48000, lengthbytes=4128, lengthpcm=32000, pcmblocksize=0, loopstart=0, loopend=0, mode=0x00000000, channelmask=0x00000000, channelorder=0, peakvolume=0.102844.
[LOG] SystemI::createSoundInternal             : Create name='', mode=0x02000202
[LOG] SystemI::createSoundInternal             : exinfo->cbsize             = 224
[LOG] SystemI::createSoundInternal             : exinfo->length             = 305440
[LOG] SystemI::createSoundInternal             : exinfo->fileoffset         = 27616
[LOG] SystemI::createSoundInternal             : exinfo->numsubsounds       = 1
[LOG] SystemI::createSoundInternal             : exinfo->inclusionlist      = 000000CCC72FEF08
[LOG] SystemI::createSoundInternal             : exinfo->inclusionlistnum   = 1
[LOG] SystemI::createSoundInternal             : exinfo->suggestedsoundtype = 5
[LOG] SystemI::createSoundInternal             : exinfo->useropen           = 00007FFD409D5B90
[LOG] SystemI::createSoundInternal             : exinfo->userclose          = 00007FFD409D5B50
[LOG] SystemI::createSoundInternal             : exinfo->userread           = 00007FFD409D5C70
[LOG] SystemI::createSoundInternal             : exinfo->userseek           = 00007FFD409D5D30
[LOG] SystemI::createSoundInternal             : exinfo->fileuserdata       = 00000239E1596F08
[LOG] SystemI::createSoundInternal             : exinfo->initialseekpostype = 1
[LOG] SystemI::DSPCodecPoolRegister            : register codec pool for pool type 5
[LOG] SystemI::createSoundInternal             : Sample 0/1: name='footstep_concrete_walk_05', format=5, channels=2, frequency=48000, lengthbytes=2848, lengthpcm=10243, pcmblocksize=0, loopstart=0, loopend=0, mode=0x00000000, channelmask=0x00000000, channelorder=0, peakvolume=0.891510.
[LOG] SystemI::createSoundInternal             : Create name='', mode=0x02000202
[LOG] SystemI::createSoundInternal             : exinfo->cbsize             = 224
[LOG] SystemI::createSoundInternal             : exinfo->length             = 305440
[LOG] SystemI::createSoundInternal             : exinfo->fileoffset         = 27616
[LOG] SystemI::createSoundInternal             : exinfo->numsubsounds       = 1
[LOG] SystemI::createSoundInternal             : exinfo->inclusionlist      = 000000CCC72FEF08
[LOG] SystemI::createSoundInternal             : exinfo->inclusionlistnum   = 1
[LOG] SystemI::createSoundInternal             : exinfo->suggestedsoundtype = 5
[LOG] SystemI::createSoundInternal             : exinfo->useropen           = 00007FFD409D5B90
[LOG] SystemI::createSoundInternal             : exinfo->userclose          = 00007FFD409D5B50
[LOG] SystemI::createSoundInternal             : exinfo->userread           = 00007FFD409D5C70
[LOG] SystemI::createSoundInternal             : exinfo->userseek           = 00007FFD409D5D30
[LOG] SystemI::createSoundInternal             : exinfo->fileuserdata       = 00000239E1596F08
[LOG] SystemI::createSoundInternal             : exinfo->initialseekpostype = 1
[LOG] SystemI::DSPCodecPoolRegister            : register codec pool for pool type 5
[LOG] SystemI::createSoundInternal             : Sample 0/1: name='footstep_water_walk_05', format=5, channels=2, frequency=48000, lengthbytes=10816, lengthpcm=37279, pcmblocksize=0, loopstart=0, loopend=0, mode=0x00000000, channelmask=0x00000000, channelorder=0, peakvolume=0.660736.
[LOG] SystemI::createSoundInternal             : Create name='', mode=0x02000202
[LOG] SystemI::createSoundInternal             : exinfo->cbsize             = 224
[LOG] SystemI::createSoundInternal             : exinfo->length             = 305440
[LOG] SystemI::createSoundInternal             : exinfo->fileoffset         = 27616
[LOG] SystemI::createSoundInternal             : exinfo->numsubsounds       = 1
[LOG] SystemI::createSoundInternal             : exinfo->inclusionlist      = 000000CCC72FEF08
[LOG] SystemI::createSoundInternal             : exinfo->inclusionlistnum   = 1
[LOG] SystemI::createSoundInternal             : exinfo->suggestedsoundtype = 5
[LOG] SystemI::createSoundInternal             : exinfo->useropen           = 00007FFD409D5B90
[LOG] SystemI::createSoundInternal             : exinfo->userclose          = 00007FFD409D5B50
[LOG] SystemI::createSoundInternal             : exinfo->userread           = 00007FFD409D5C70
[LOG] SystemI::createSoundInternal             : exinfo->userseek           = 00007FFD409D5D30
[LOG] SystemI::createSoundInternal             : exinfo->fileuserdata       = 00000239E1596F08
[LOG] SystemI::createSoundInternal             : exinfo->initialseekpostype = 1
[LOG] SystemI::DSPCodecPoolRegister            : register codec pool for pool type 5
[LOG] SystemI::createSoundInternal             : Sample 0/1: name='Footstep Carpet 01', format=5, channels=1, frequency=48000, lengthbytes=4736, lengthpcm=28000, pcmblocksize=0, loopstart=0, loopend=0, mode=0x00000000, channelmask=0x00000000, channelorder=0, peakvolume=0.677490.
[LOG] SystemI::createSoundInternal             : Create name='', mode=0x02000202
[LOG] SystemI::createSoundInternal             : exinfo->cbsize             = 224
[LOG] SystemI::createSoundInternal             : exinfo->length             = 305440
[LOG] SystemI::createSoundInternal             : exinfo->fileoffset         = 27616
[LOG] SystemI::createSoundInternal             : exinfo->numsubsounds       = 1
[LOG] SystemI::createSoundInternal             : exinfo->inclusionlist      = 000000CCC72FEF08
[LOG] SystemI::createSoundInternal             : exinfo->inclusionlistnum   = 1
[LOG] SystemI::createSoundInternal             : exinfo->suggestedsoundtype = 5
[LOG] SystemI::createSoundInternal             : exinfo->useropen           = 00007FFD409D5B90
[LOG] SystemI::createSoundInternal             : exinfo->userclose          = 00007FFD409D5B50
[LOG] SystemI::createSoundInternal             : exinfo->userread           = 00007FFD409D5C70
[LOG] SystemI::createSoundInternal             : exinfo->userseek           = 00007FFD409D5D30
[LOG] SystemI::createSoundInternal             : exinfo->fileuserdata       = 00000239E1596F08
[LOG] SystemI::createSoundInternal             : exinfo->initialseekpostype = 1
[LOG] SystemI::DSPCodecPoolRegister            : register codec pool for pool type 5
[LOG] SystemI::createSoundInternal             : Sample 0/1: name='footstep_wood_walk_01', format=5, channels=2, frequency=48000, lengthbytes=3008, lengthpcm=11212, pcmblocksize=0, loopstart=0, loopend=0, mode=0x00000000, channelmask=0x00000000, channelorder=0, peakvolume=0.943085.
[LOG] SystemI::createSoundInternal             : Create name='', mode=0x02000202
[LOG] SystemI::createSoundInternal             : exinfo->cbsize             = 224
[LOG] SystemI::createSoundInternal             : exinfo->length             = 305440
[LOG] SystemI::createSoundInternal             : exinfo->fileoffset         = 27616
[LOG] SystemI::createSoundInternal             : exinfo->numsubsounds       = 1
[LOG] SystemI::createSoundInternal             : exinfo->inclusionlist      = 000000CCC72FEF08
[LOG] SystemI::createSoundInternal             : exinfo->inclusionlistnum   = 1
[LOG] SystemI::createSoundInternal             : exinfo->suggestedsoundtype = 5
[LOG] SystemI::createSoundInternal             : exinfo->useropen           = 00007FFD409D5B90
[LOG] SystemI::createSoundInternal             : exinfo->userclose          = 00007FFD409D5B50
[LOG] SystemI::createSoundInternal             : exinfo->userread           = 00007FFD409D5C70
[LOG] SystemI::createSoundInternal             : exinfo->userseek           = 00007FFD409D5D30
[LOG] SystemI::createSoundInternal             : exinfo->fileuserdata       = 00000239E1596F08
[LOG] SystemI::createSoundInternal             : exinfo->initialseekpostype = 1
[LOG] SystemI::DSPCodecPoolRegister            : register codec pool for pool type 5
[LOG] SystemI::createSoundInternal             : Sample 0/1: name='Footstep Metal 08', format=5, channels=1, frequency=48000, lengthbytes=5600, lengthpcm=38000, pcmblocksize=0, loopstart=0, loopend=0, mode=0x00000000, channelmask=0x00000000, channelorder=0, peakvolume=0.113800.
[LOG] SystemI::createSoundInternal             : Create name='', mode=0x02000202
[LOG] SystemI::createSoundInternal             : exinfo->cbsize             = 224
[LOG] SystemI::createSoundInternal             : exinfo->length             = 305440
[LOG] SystemI::createSoundInternal             : exinfo->fileoffset         = 27616
[LOG] SystemI::createSoundInternal             : exinfo->numsubsounds       = 1
[LOG] SystemI::createSoundInternal             : exinfo->inclusionlist      = 000000CCC72FEF08
[LOG] SystemI::createSoundInternal             : exinfo->inclusionlistnum   = 1
[LOG] SystemI::createSoundInternal             : exinfo->suggestedsoundtype = 5
[LOG] SystemI::createSoundInternal             : exinfo->useropen           = 00007FFD409D5B90
[LOG] SystemI::createSoundInternal             : exinfo->userclose          = 00007FFD409D5B50
[LOG] SystemI::createSoundInternal             : exinfo->userread           = 00007FFD409D5C70
[LOG] SystemI::createSoundInternal             : exinfo->userseek           = 00007FFD409D5D30
[LOG] SystemI::createSoundInternal             : exinfo->fileuserdata       = 00000239E1596F08
[LOG] SystemI::createSoundInternal             : exinfo->initialseekpostype = 1
[LOG] SystemI::DSPCodecPoolRegister            : register codec pool for pool type 5
[LOG] SystemI::createSoundInternal             : Sample 0/1: name='footstep_concrete_walk_06', format=5, channels=2, frequency=48000, lengthbytes=3008, lengthpcm=10808, pcmblocksize=0, loopstart=0, loopend=0, mode=0x00000000, channelmask=0x00000000, channelorder=0, peakvolume=0.891876.
[LOG] SystemI::createSoundInternal             : Create name='', mode=0x02000202
[LOG] SystemI::createSoundInternal             : exinfo->cbsize             = 224
[LOG] SystemI::createSoundInternal             : exinfo->length             = 305440
[LOG] SystemI::createSoundInternal             : exinfo->fileoffset         = 27616
[LOG] SystemI::createSoundInternal             : exinfo->numsubsounds       = 1
[LOG] SystemI::createSoundInternal             : exinfo->inclusionlist      = 000000CCC72FEF08
[LOG] SystemI::createSoundInternal             : exinfo->inclusionlistnum   = 1
[LOG] SystemI::createSoundInternal             : exinfo->suggestedsoundtype = 5
[LOG] SystemI::createSoundInternal             : exinfo->useropen           = 00007FFD409D5B90
[LOG] SystemI::createSoundInternal             : exinfo->userclose          = 00007FFD409D5B50
[LOG] SystemI::createSoundInternal             : exinfo->userread           = 00007FFD409D5C70
[LOG] SystemI::createSoundInternal             : exinfo->userseek           = 00007FFD409D5D30
[LOG] SystemI::createSoundInternal             : exinfo->fileuserdata       = 00000239E1596F08
[LOG] SystemI::createSoundInternal             : exinfo->initialseekpostype = 1
[LOG] SystemI::DSPCodecPoolRegister            : register codec pool for pool type 5
[LOG] SystemI::createSoundInternal             : Sample 0/1: name='Footstep Carpet 07', format=5, channels=1, frequency=48000, lengthbytes=4864, lengthpcm=28000, pcmblocksize=0, loopstart=0, loopend=0, mode=0x00000000, channelmask=0x00000000, channelorder=0, peakvolume=0.708405.
[LOG] SystemI::createSoundInternal             : Create name='', mode=0x02000202
[LOG] SystemI::createSoundInternal             : exinfo->cbsize             = 224
[LOG] SystemI::createSoundInternal             : exinfo->length             = 305440
[LOG] SystemI::createSoundInternal             : exinfo->fileoffset         = 27616
[LOG] SystemI::createSoundInternal             : exinfo->numsubsounds       = 1
[LOG] SystemI::createSoundInternal             : exinfo->inclusionlist      = 000000CCC72FEF08
[LOG] SystemI::createSoundInternal             : exinfo->inclusionlistnum   = 1
[LOG] SystemI::createSoundInternal             : exinfo->suggestedsoundtype = 5
[LOG] SystemI::createSoundInternal             : exinfo->useropen           = 00007FFD409D5B90
[LOG] SystemI::createSoundInternal             : exinfo->userclose          = 00007FFD409D5B50
[LOG] SystemI::createSoundInternal             : exinfo->userread           = 00007FFD409D5C70
[LOG] SystemI::createSoundInternal             : exinfo->userseek           = 00007FFD409D5D30
[LOG] SystemI::createSoundInternal             : exinfo->fileuserdata       = 00000239E1596F08
[LOG] SystemI::createSoundInternal             : exinfo->initialseekpostype = 1
[LOG] SystemI::DSPCodecPoolRegister            : register codec pool for pool type 5
[LOG] SystemI::createSoundInternal             : Sample 0/1: name='footstep_water_walk_02', format=5, channels=2, frequency=48000, lengthbytes=11072, lengthpcm=37125, pcmblocksize=0, loopstart=0, loopend=0, mode=0x00000000, channelmask=0x00000000, channelorder=0, peakvolume=0.942139.
[LOG] SystemI::createSoundInternal             : Create name='', mode=0x02000202
[LOG] SystemI::createSoundInternal             : exinfo->cbsize             = 224
[LOG] SystemI::createSoundInternal             : exinfo->length             = 305440
[LOG] SystemI::createSoundInternal             : exinfo->fileoffset         = 27616
[LOG] SystemI::createSoundInternal             : exinfo->numsubsounds       = 1
[LOG] SystemI::createSoundInternal             : exinfo->inclusionlist      = 000000CCC72FEF08
[LOG] SystemI::createSoundInternal             : exinfo->inclusionlistnum   = 1
[LOG] SystemI::createSoundInternal             : exinfo->suggestedsoundtype = 5
[LOG] SystemI::createSoundInternal             : exinfo->useropen           = 00007FFD409D5B90
[LOG] SystemI::createSoundInternal             : exinfo->userclose          = 00007FFD409D5B50
[LOG] SystemI::createSoundInternal             : exinfo->userread           = 00007FFD409D5C70
[LOG] SystemI::createSoundInternal             : exinfo->userseek           = 00007FFD409D5D30
[LOG] SystemI::createSoundInternal             : exinfo->fileuserdata       = 00000239E1596F08
[LOG] SystemI::createSoundInternal             : exinfo->initialseekpostype = 1
[LOG] SystemI::DSPCodecPoolRegister            : register codec pool for pool type 5
[LOG] SystemI::createSoundInternal             : Sample 0/1: name='footstep_concrete_walk_03', format=5, channels=2, frequency=48000, lengthbytes=3168, lengthpcm=11832, pcmblocksize=0, loopstart=0, loopend=0, mode=0x00000000, channelmask=0x00000000, channelorder=0, peakvolume=0.888977.
[LOG] SystemI::createSoundInternal             : Create name='', mode=0x02000202
[LOG] SystemI::createSoundInternal             : exinfo->cbsize             = 224
[LOG] SystemI::createSoundInternal             : exinfo->length             = 305440
[LOG] SystemI::createSoundInternal             : exinfo->fileoffset         = 27616
[LOG] SystemI::createSoundInternal             : exinfo->numsubsounds       = 1
[LOG] SystemI::createSoundInternal             : exinfo->inclusionlist      = 000000CCC72FEF08
[LOG] SystemI::createSoundInternal             : exinfo->inclusionlistnum   = 1
[LOG] SystemI::createSoundInternal             : exinfo->suggestedsoundtype = 5
[LOG] SystemI::createSoundInternal             : exinfo->useropen           = 00007FFD409D5B90
[LOG] SystemI::createSoundInternal             : exinfo->userclose          = 00007FFD409D5B50
[LOG] SystemI::createSoundInternal             : exinfo->userread           = 00007FFD409D5C70
[LOG] SystemI::createSoundInternal             : exinfo->userseek           = 00007FFD409D5D30
[LOG] SystemI::createSoundInternal             : exinfo->fileuserdata       = 00000239E1596F08
[LOG] SystemI::createSoundInternal             : exinfo->initialseekpostype = 1
[LOG] SystemI::DSPCodecPoolRegister            : register codec pool for pool type 5
[LOG] SystemI::createSoundInternal             : Sample 0/1: name='Footstep Metal 02', format=5, channels=1, frequency=48000, lengthbytes=3808, lengthpcm=30000, pcmblocksize=0, loopstart=0, loopend=0, mode=0x00000000, channelmask=0x00000000, channelorder=0, peakvolume=0.072723.
[LOG] SystemI::createSoundInternal             : Create name='', mode=0x02000202
[LOG] SystemI::createSoundInternal             : exinfo->cbsize             = 224
[LOG] SystemI::createSoundInternal             : exinfo->length             = 305440
[LOG] SystemI::createSoundInternal             : exinfo->fileoffset         = 27616
[LOG] SystemI::createSoundInternal             : exinfo->numsubsounds       = 1
[LOG] SystemI::createSoundInternal             : exinfo->inclusionlist      = 000000CCC72FEF08
[LOG] SystemI::createSoundInternal             : exinfo->inclusionlistnum   = 1
[LOG] SystemI::createSoundInternal             : exinfo->suggestedsoundtype = 5
[LOG] SystemI::createSoundInternal             : exinfo->useropen           = 00007FFD409D5B90
[LOG] SystemI::createSoundInternal             : exinfo->userclose          = 00007FFD409D5B50
[LOG] SystemI::createSoundInternal             : exinfo->userread           = 00007FFD409D5C70
[LOG] SystemI::createSoundInternal             : exinfo->userseek           = 00007FFD409D5D30
[LOG] SystemI::createSoundInternal             : exinfo->fileuserdata       = 00000239E1596F08
[LOG] SystemI::createSoundInternal             : exinfo->initialseekpostype = 1
[LOG] SystemI::DSPCodecPoolRegister            : register codec pool for pool type 5
[LOG] SystemI::createSoundInternal             : Sample 0/1: name='Footstep Metal 06', format=5, channels=1, frequency=48000, lengthbytes=1888, lengthpcm=20000, pcmblocksize=0, loopstart=0, loopend=0, mode=0x00000000, channelmask=0x00000000, channelorder=0, peakvolume=0.033234.
[LOG] SystemI::createSoundInternal             : Create name='', mode=0x02000202
[LOG] SystemI::createSoundInternal             : exinfo->cbsize             = 224
[LOG] SystemI::createSoundInternal             : exinfo->length             = 305440
[LOG] SystemI::createSoundInternal             : exinfo->fileoffset         = 27616
[LOG] SystemI::createSoundInternal             : exinfo->numsubsounds       = 1
[LOG] SystemI::createSoundInternal             : exinfo->inclusionlist      = 000000CCC72FEF08
[LOG] SystemI::createSoundInternal             : exinfo->inclusionlistnum   = 1
[LOG] SystemI::createSoundInternal             : exinfo->suggestedsoundtype = 5
[LOG] SystemI::createSoundInternal             : exinfo->useropen           = 00007FFD409D5B90
[LOG] SystemI::createSoundInternal             : exinfo->userclose          = 00007FFD409D5B50
[LOG] SystemI::createSoundInternal             : exinfo->userread           = 00007FFD409D5C70
[LOG] SystemI::createSoundInternal             : exinfo->userseek           = 00007FFD409D5D30
[LOG] SystemI::createSoundInternal             : exinfo->fileuserdata       = 00000239E1596F08
[LOG] SystemI::createSoundInternal             : exinfo->initialseekpostype = 1
[LOG] SystemI::DSPCodecPoolRegister            : register codec pool for pool type 5
[LOG] SystemI::createSoundInternal             : Sample 0/1: name='Footstep Carpet 02', format=5, channels=1, frequency=48000, lengthbytes=4320, lengthpcm=26000, pcmblocksize=0, loopstart=0, loopend=0, mode=0x00000000, channelmask=0x00000000, channelorder=0, peakvolume=0.250732.
[LOG] SystemI::createSoundInternal             : Create name='', mode=0x02000202
[LOG] SystemI::createSoundInternal             : exinfo->cbsize             = 224
[LOG] SystemI::createSoundInternal             : exinfo->length             = 305440
[LOG] SystemI::createSoundInternal             : exinfo->fileoffset         = 27616
[LOG] SystemI::createSoundInternal             : exinfo->numsubsounds       = 1
[LOG] SystemI::createSoundInternal             : exinfo->inclusionlist      = 000000CCC72FEF08
[LOG] SystemI::createSoundInternal             : exinfo->inclusionlistnum   = 1
[LOG] SystemI::createSoundInternal             : exinfo->suggestedsoundtype = 5
[LOG] SystemI::createSoundInternal             : exinfo->useropen           = 00007FFD409D5B90
[LOG] SystemI::createSoundInternal             : exinfo->userclose          = 00007FFD409D5B50
[LOG] SystemI::createSoundInternal             : exinfo->userread           = 00007FFD409D5C70
[LOG] SystemI::createSoundInternal             : exinfo->userseek           = 00007FFD409D5D30
[LOG] SystemI::createSoundInternal             : exinfo->fileuserdata       = 00000239E1596F08
[LOG] SystemI::createSoundInternal             : exinfo->initialseekpostype = 1
[LOG] SystemI::DSPCodecPoolRegister            : register codec pool for pool type 5
[LOG] SystemI::createSoundInternal             : Sample 0/1: name='Footstep Metal 03', format=5, channels=1, frequency=48000, lengthbytes=4160, lengthpcm=32000, pcmblocksize=0, loopstart=0, loopend=0, mode=0x00000000, channelmask=0x00000000, channelorder=0, peakvolume=0.048492.
[LOG] SystemI::createSoundInternal             : Create name='', mode=0x02000202
[LOG] SystemI::createSoundInternal             : exinfo->cbsize             = 224
[LOG] SystemI::createSoundInternal             : exinfo->length             = 305440
[LOG] SystemI::createSoundInternal             : exinfo->fileoffset         = 27616
[LOG] SystemI::createSoundInternal             : exinfo->numsubsounds       = 1
[LOG] SystemI::createSoundInternal             : exinfo->inclusionlist      = 000000CCC72FEF08
[LOG] SystemI::createSoundInternal             : exinfo->inclusionlistnum   = 1
[LOG] SystemI::createSoundInternal             : exinfo->suggestedsoundtype = 5
[LOG] SystemI::createSoundInternal             : exinfo->useropen           = 00007FFD409D5B90
[LOG] SystemI::createSoundInternal             : exinfo->userclose          = 00007FFD409D5B50
[LOG] SystemI::createSoundInternal             : exinfo->userread           = 00007FFD409D5C70
[LOG] SystemI::createSoundInternal             : exinfo->userseek           = 00007FFD409D5D30
[LOG] SystemI::createSoundInternal             : exinfo->fileuserdata       = 00000239E1596F08
[LOG] SystemI::createSoundInternal             : exinfo->initialseekpostype = 1
[LOG] SystemI::DSPCodecPoolRegister            : register codec pool for pool type 5
[LOG] SystemI::createSoundInternal             : Sample 0/1: name='Footstep Carpet 04', format=5, channels=1, frequency=48000, lengthbytes=5504, lengthpcm=32000, pcmblocksize=0, loopstart=0, loopend=0, mode=0x00000000, channelmask=0x00000000, channelorder=0, peakvolume=0.570831.
[LOG] SystemI::createSoundInternal             : Create name='', mode=0x02000202
[LOG] SystemI::createSoundInternal             : exinfo->cbsize             = 224
[LOG] SystemI::createSoundInternal             : exinfo->length             = 305440
[LOG] SystemI::createSoundInternal             : exinfo->fileoffset         = 27616
[LOG] SystemI::createSoundInternal             : exinfo->numsubsounds       = 1
[LOG] SystemI::createSoundInternal             : exinfo->inclusionlist      = 000000CCC72FEF08
[LOG] SystemI::createSoundInternal             : exinfo->inclusionlistnum   = 1
[LOG] SystemI::createSoundInternal             : exinfo->suggestedsoundtype = 5
[LOG] SystemI::createSoundInternal             : exinfo->useropen           = 00007FFD409D5B90
[LOG] SystemI::createSoundInternal             : exinfo->userclose          = 00007FFD409D5B50
[LOG] SystemI::createSoundInternal             : exinfo->userread           = 00007FFD409D5C70
[LOG] SystemI::createSoundInternal             : exinfo->userseek           = 00007FFD409D5D30
[LOG] SystemI::createSoundInternal             : exinfo->fileuserdata       = 00000239E1596F08
[LOG] SystemI::createSoundInternal             : exinfo->initialseekpostype = 1
[LOG] SystemI::DSPCodecPoolRegister            : register codec pool for pool type 5
[LOG] SystemI::createSoundInternal             : Sample 0/1: name='Footstep Carpet 06', format=5, channels=1, frequency=48000, lengthbytes=4800, lengthpcm=28000, pcmblocksize=0, loopstart=0, loopend=0, mode=0x00000000, channelmask=0x00000000, channelorder=0, peakvolume=0.999969.
[LOG] SystemI::createSoundInternal             : Create name='', mode=0x02000202
[LOG] SystemI::createSoundInternal             : exinfo->cbsize             = 224
[LOG] SystemI::createSoundInternal             : exinfo->length             = 305440
[LOG] SystemI::createSoundInternal             : exinfo->fileoffset         = 27616
[LOG] SystemI::createSoundInternal             : exinfo->numsubsounds       = 1
[LOG] SystemI::createSoundInternal             : exinfo->inclusionlist      = 000000CCC72FEF08
[LOG] SystemI::createSoundInternal             : exinfo->inclusionlistnum   = 1
[LOG] SystemI::createSoundInternal             : exinfo->suggestedsoundtype = 5
[LOG] SystemI::createSoundInternal             : exinfo->useropen           = 00007FFD409D5B90
[LOG] SystemI::createSoundInternal             : exinfo->userclose          = 00007FFD409D5B50
[LOG] SystemI::createSoundInternal             : exinfo->userread           = 00007FFD409D5C70
[LOG] SystemI::createSoundInternal             : exinfo->userseek           = 00007FFD409D5D30
[LOG] SystemI::createSoundInternal             : exinfo->fileuserdata       = 00000239E1596F08
[LOG] SystemI::createSoundInternal             : exinfo->initialseekpostype = 1
[LOG] SystemI::DSPCodecPoolRegister            : register codec pool for pool type 5
[LOG] SystemI::createSoundInternal             : Sample 0/1: name='footstep_concrete_walk_02', format=5, channels=2, frequency=48000, lengthbytes=3904, lengthpcm=14594, pcmblocksize=0, loopstart=0, loopend=0, mode=0x00000000, channelmask=0x00000000, channelorder=0, peakvolume=0.888641.
[LOG] SystemI::createSoundInternal             : Create name='', mode=0x02000202
[LOG] SystemI::createSoundInternal             : exinfo->cbsize             = 224
[LOG] SystemI::createSoundInternal             : exinfo->length             = 305440
[LOG] SystemI::createSoundInternal             : exinfo->fileoffset         = 27616
[LOG] SystemI::createSoundInternal             : exinfo->numsubsounds       = 1
[LOG] SystemI::createSoundInternal             : exinfo->inclusionlist      = 000000CCC72FEF08
[LOG] SystemI::createSoundInternal             : exinfo->inclusionlistnum   = 1
[LOG] SystemI::createSoundInternal             : exinfo->suggestedsoundtype = 5
[LOG] SystemI::createSoundInternal             : exinfo->useropen           = 00007FFD409D5B90
[LOG] SystemI::createSoundInternal             : exinfo->userclose          = 00007FFD409D5B50
[LOG] SystemI::createSoundInternal             : exinfo->userread           = 00007FFD409D5C70
[LOG] SystemI::createSoundInternal             : exinfo->userseek           = 00007FFD409D5D30
[LOG] SystemI::createSoundInternal             : exinfo->fileuserdata       = 00000239E1596F08
[LOG] SystemI::createSoundInternal             : exinfo->initialseekpostype = 1
[LOG] SystemI::DSPCodecPoolRegister            : register codec pool for pool type 5
[LOG] SystemI::createSoundInternal             : Sample 0/1: name='footstep_concrete_walk_07', format=5, channels=2, frequency=48000, lengthbytes=2720, lengthpcm=8412, pcmblocksize=0, loopstart=0, loopend=0, mode=0x00000000, channelmask=0x00000000, channelorder=0, peakvolume=0.891296.
[LOG] SystemI::createSoundInternal             : Create name='', mode=0x02000202
[LOG] SystemI::createSoundInternal             : exinfo->cbsize             = 224
[LOG] SystemI::createSoundInternal             : exinfo->length             = 305440
[LOG] SystemI::createSoundInternal             : exinfo->fileoffset         = 27616
[LOG] SystemI::createSoundInternal             : exinfo->numsubsounds       = 1
[LOG] SystemI::createSoundInternal             : exinfo->inclusionlist      = 000000CCC72FEF08
[LOG] SystemI::createSoundInternal             : exinfo->inclusionlistnum   = 1
[LOG] SystemI::createSoundInternal             : exinfo->suggestedsoundtype = 5
[LOG] SystemI::createSoundInternal             : exinfo->useropen           = 00007FFD409D5B90
[LOG] SystemI::createSoundInternal             : exinfo->userclose          = 00007FFD409D5B50
[LOG] SystemI::createSoundInternal             : exinfo->userread           = 00007FFD409D5C70
[LOG] SystemI::createSoundInternal             : exinfo->userseek           = 00007FFD409D5D30
[LOG] SystemI::createSoundInternal             : exinfo->fileuserdata       = 00000239E1596F08
[LOG] SystemI::createSoundInternal             : exinfo->initialseekpostype = 1
[LOG] SystemI::DSPCodecPoolRegister            : register codec pool for pool type 5
[LOG] SystemI::createSoundInternal             : Sample 0/1: name='Footstep Metal 01', format=5, channels=1, frequency=48000, lengthbytes=4992, lengthpcm=34000, pcmblocksize=0, loopstart=0, loopend=0, mode=0x00000000, channelmask=0x00000000, channelorder=0, peakvolume=0.158234.
[LOG] SystemI::createSoundInternal             : Create name='', mode=0x02000202
[LOG] SystemI::createSoundInternal             : exinfo->cbsize             = 224
[LOG] SystemI::createSoundInternal             : exinfo->length             = 305440
[LOG] SystemI::createSoundInternal             : exinfo->fileoffset         = 27616
[LOG] SystemI::createSoundInternal             : exinfo->numsubsounds       = 1
[LOG] SystemI::createSoundInternal             : exinfo->inclusionlist      = 000000CCC72FEF08
[LOG] SystemI::createSoundInternal             : exinfo->inclusionlistnum   = 1
[LOG] SystemI::createSoundInternal             : exinfo->suggestedsoundtype = 5
[LOG] SystemI::createSoundInternal             : exinfo->useropen           = 00007FFD409D5B90
[LOG] SystemI::createSoundInternal             : exinfo->userclose          = 00007FFD409D5B50
[LOG] SystemI::createSoundInternal             : exinfo->userread           = 00007FFD409D5C70
[LOG] SystemI::createSoundInternal             : exinfo->userseek           = 00007FFD409D5D30
[LOG] SystemI::createSoundInternal             : exinfo->fileuserdata       = 00000239E1596F08
[LOG] SystemI::createSoundInternal             : exinfo->initialseekpostype = 1
[LOG] SystemI::DSPCodecPoolRegister            : register codec pool for pool type 5
[LOG] SystemI::createSoundInternal             : Sample 0/1: name='Footstep Carpet 08', format=5, channels=1, frequency=48000, lengthbytes=5280, lengthpcm=28000, pcmblocksize=0, loopstart=0, loopend=0, mode=0x00000000, channelmask=0x00000000, channelorder=0, peakvolume=0.518463.
[LOG] SystemI::createSoundInternal             : Create name='', mode=0x02000202
[LOG] SystemI::createSoundInternal             : exinfo->cbsize             = 224
[LOG] SystemI::createSoundInternal             : exinfo->length             = 305440
[LOG] SystemI::createSoundInternal             : exinfo->fileoffset         = 27616
[LOG] SystemI::createSoundInternal             : exinfo->numsubsounds       = 1
[LOG] SystemI::createSoundInternal             : exinfo->inclusionlist      = 000000CCC72FEF08
[LOG] SystemI::createSoundInternal             : exinfo->inclusionlistnum   = 1
[LOG] SystemI::createSoundInternal             : exinfo->suggestedsoundtype = 5
[LOG] SystemI::createSoundInternal             : exinfo->useropen           = 00007FFD409D5B90
[LOG] SystemI::createSoundInternal             : exinfo->userclose          = 00007FFD409D5B50
[LOG] SystemI::createSoundInternal             : exinfo->userread           = 00007FFD409D5C70
[LOG] SystemI::createSoundInternal             : exinfo->userseek           = 00007FFD409D5D30
[LOG] SystemI::createSoundInternal             : exinfo->fileuserdata       = 00000239E1596F08
[LOG] SystemI::createSoundInternal             : exinfo->initialseekpostype = 1
[LOG] SystemI::DSPCodecPoolRegister            : register codec pool for pool type 5
[LOG] SystemI::createSoundInternal             : Sample 0/1: name='footstep_water_walk_06', format=5, channels=2, frequency=48000, lengthbytes=8416, lengthpcm=31200, pcmblocksize=0, loopstart=0, loopend=0, mode=0x00000000, channelmask=0x00000000, channelorder=0, peakvolume=0.438293.
[LOG] SystemI::createSoundInternal             : Create name='', mode=0x02000202
[LOG] SystemI::createSoundInternal             : exinfo->cbsize             = 224
[LOG] SystemI::createSoundInternal             : exinfo->length             = 305440
[LOG] SystemI::createSoundInternal             : exinfo->fileoffset         = 27616
[LOG] SystemI::createSoundInternal             : exinfo->numsubsounds       = 1
[LOG] SystemI::createSoundInternal             : exinfo->inclusionlist      = 000000CCC72FEF08
[LOG] SystemI::createSoundInternal             : exinfo->inclusionlistnum   = 1
[LOG] SystemI::createSoundInternal             : exinfo->suggestedsoundtype = 5
[LOG] SystemI::createSoundInternal             : exinfo->useropen           = 00007FFD409D5B90
[LOG] SystemI::createSoundInternal             : exinfo->userclose          = 00007FFD409D5B50
[LOG] SystemI::createSoundInternal             : exinfo->userread           = 00007FFD409D5C70
[LOG] SystemI::createSoundInternal             : exinfo->userseek           = 00007FFD409D5D30
[LOG] SystemI::createSoundInternal             : exinfo->fileuserdata       = 00000239E1596F08
[LOG] SystemI::createSoundInternal             : exinfo->initialseekpostype = 1
[LOG] SystemI::DSPCodecPoolRegister            : register codec pool for pool type 5
[LOG] SystemI::createSoundInternal             : Sample 0/1: name='footstep_wood_walk_08', format=5, channels=2, frequency=48000, lengthbytes=2656, lengthpcm=9069, pcmblocksize=0, loopstart=0, loopend=0, mode=0x00000000, channelmask=0x00000000, channelorder=0, peakvolume=0.842438.
[LOG] SystemI::createSoundInternal             : Create name='', mode=0x02000202
[LOG] SystemI::createSoundInternal             : exinfo->cbsize             = 224
[LOG] SystemI::createSoundInternal             : exinfo->length             = 305440
[LOG] SystemI::createSoundInternal             : exinfo->fileoffset         = 27616
[LOG] SystemI::createSoundInternal             : exinfo->numsubsounds       = 1
[LOG] SystemI::createSoundInternal             : exinfo->inclusionlist      = 000000CCC72FEF08
[LOG] SystemI::createSoundInternal             : exinfo->inclusionlistnum   = 1
[LOG] SystemI::createSoundInternal             : exinfo->suggestedsoundtype = 5
[LOG] SystemI::createSoundInternal             : exinfo->useropen           = 00007FFD409D5B90
[LOG] SystemI::createSoundInternal             : exinfo->userclose          = 00007FFD409D5B50
[LOG] SystemI::createSoundInternal             : exinfo->userread           = 00007FFD409D5C70
[LOG] SystemI::createSoundInternal             : exinfo->userseek           = 00007FFD409D5D30
[LOG] SystemI::createSoundInternal             : exinfo->fileuserdata       = 00000239E1596F08
[LOG] SystemI::createSoundInternal             : exinfo->initialseekpostype = 1
[LOG] SystemI::DSPCodecPoolRegister            : register codec pool for pool type 5
[LOG] SystemI::createSoundInternal             : Sample 0/1: name='footstep_water_walk_04', format=5, channels=2, frequency=48000, lengthbytes=7680, lengthpcm=27840, pcmblocksize=0, loopstart=0, loopend=0, mode=0x00000000, channelmask=0x00000000, channelorder=0, peakvolume=0.768402.
[LOG] SystemI::createSoundInternal             : Create name='', mode=0x02000202
[LOG] SystemI::createSoundInternal             : exinfo->cbsize             = 224
[LOG] SystemI::createSoundInternal             : exinfo->length             = 305440
[LOG] SystemI::createSoundInternal             : exinfo->fileoffset         = 27616
[LOG] SystemI::createSoundInternal             : exinfo->numsubsounds       = 1
[LOG] SystemI::createSoundInternal             : exinfo->inclusionlist      = 000000CCC72FEF08
[LOG] SystemI::createSoundInternal             : exinfo->inclusionlistnum   = 1
[LOG] SystemI::createSoundInternal             : exinfo->suggestedsoundtype = 5
[LOG] SystemI::createSoundInternal             : exinfo->useropen           = 00007FFD409D5B90
[LOG] SystemI::createSoundInternal             : exinfo->userclose          = 00007FFD409D5B50
[LOG] SystemI::createSoundInternal             : exinfo->userread           = 00007FFD409D5C70
[LOG] SystemI::createSoundInternal             : exinfo->userseek           = 00007FFD409D5D30
[LOG] SystemI::createSoundInternal             : exinfo->fileuserdata       = 00000239E1596F08
[LOG] SystemI::createSoundInternal             : exinfo->initialseekpostype = 1
[LOG] SystemI::DSPCodecPoolRegister            : register codec pool for pool type 5
[LOG] SystemI::createSoundInternal             : Sample 0/1: name='footstep_wood_walk_04', format=5, channels=2, frequency=48000, lengthbytes=3040, lengthpcm=11667, pcmblocksize=0, loopstart=0, loopend=0, mode=0x00000000, channelmask=0x00000000, channelorder=0, peakvolume=0.891266.
[LOG] SystemI::createSoundInternal             : Create name='', mode=0x02000202
[LOG] SystemI::createSoundInternal             : exinfo->cbsize             = 224
[LOG] SystemI::createSoundInternal             : exinfo->length             = 305440
[LOG] SystemI::createSoundInternal             : exinfo->fileoffset         = 27616
[LOG] SystemI::createSoundInternal             : exinfo->numsubsounds       = 1
[LOG] SystemI::createSoundInternal             : exinfo->inclusionlist      = 000000CCC72FEF08
[LOG] SystemI::createSoundInternal             : exinfo->inclusionlistnum   = 1
[LOG] SystemI::createSoundInternal             : exinfo->suggestedsoundtype = 5
[LOG] SystemI::createSoundInternal             : exinfo->useropen           = 00007FFD409D5B90
[LOG] SystemI::createSoundInternal             : exinfo->userclose          = 00007FFD409D5B50
[LOG] SystemI::createSoundInternal             : exinfo->userread           = 00007FFD409D5C70
[LOG] SystemI::createSoundInternal             : exinfo->userseek           = 00007FFD409D5D30
[LOG] SystemI::createSoundInternal             : exinfo->fileuserdata       = 00000239E1596F08
[LOG] SystemI::createSoundInternal             : exinfo->initialseekpostype = 1
[LOG] SystemI::DSPCodecPoolRegister            : register codec pool for pool type 5
[LOG] SystemI::createSoundInternal             : Sample 0/1: name='Footstep Metal 05', format=5, channels=1, frequency=48000, lengthbytes=3456, lengthpcm=28000, pcmblocksize=0, loopstart=0, loopend=0, mode=0x00000000, channelmask=0x00000000, channelorder=0, peakvolume=0.050110.
[LOG] SystemI::createSoundInternal             : Create name='', mode=0x02000202
[LOG] SystemI::createSoundInternal             : exinfo->cbsize             = 224
[LOG] SystemI::createSoundInternal             : exinfo->length             = 305440
[LOG] SystemI::createSoundInternal             : exinfo->fileoffset         = 27616
[LOG] SystemI::createSoundInternal             : exinfo->numsubsounds       = 1
[LOG] SystemI::createSoundInternal             : exinfo->inclusionlist      = 000000CCC72FEF08
[LOG] SystemI::createSoundInternal             : exinfo->inclusionlistnum   = 1
[LOG] SystemI::createSoundInternal             : exinfo->suggestedsoundtype = 5
[LOG] SystemI::createSoundInternal             : exinfo->useropen           = 00007FFD409D5B90
[LOG] SystemI::createSoundInternal             : exinfo->userclose          = 00007FFD409D5B50
[LOG] SystemI::createSoundInternal             : exinfo->userread           = 00007FFD409D5C70
[LOG] SystemI::createSoundInternal             : exinfo->userseek           = 00007FFD409D5D30
[LOG] SystemI::createSoundInternal             : exinfo->fileuserdata       = 00000239E1596F08
[LOG] SystemI::createSoundInternal             : exinfo->initialseekpostype = 1
[LOG] SystemI::DSPCodecPoolRegister            : register codec pool for pool type 5
[LOG] SystemI::createSoundInternal             : Sample 0/1: name='Footstep Metal 07', format=5, channels=1, frequency=48000, lengthbytes=4192, lengthpcm=32000, pcmblocksize=0, loopstart=0, loopend=0, mode=0x00000000, channelmask=0x00000000, channelorder=0, peakvolume=0.080048.
[LOG] SystemI::createSoundInternal             : Create name='', mode=0x02000202
[LOG] SystemI::createSoundInternal             : exinfo->cbsize             = 224
[LOG] SystemI::createSoundInternal             : exinfo->length             = 305440
[LOG] SystemI::createSoundInternal             : exinfo->fileoffset         = 27616
[LOG] SystemI::createSoundInternal             : exinfo->numsubsounds       = 1
[LOG] SystemI::createSoundInternal             : exinfo->inclusionlist      = 000000CCC72FEF08
[LOG] SystemI::createSoundInternal             : exinfo->inclusionlistnum   = 1
[LOG] SystemI::createSoundInternal             : exinfo->suggestedsoundtype = 5
[LOG] SystemI::createSoundInternal             : exinfo->useropen           = 00007FFD409D5B90
[LOG] SystemI::createSoundInternal             : exinfo->userclose          = 00007FFD409D5B50
[LOG] SystemI::createSoundInternal             : exinfo->userread           = 00007FFD409D5C70
[LOG] SystemI::createSoundInternal             : exinfo->userseek           = 00007FFD409D5D30
[LOG] SystemI::createSoundInternal             : exinfo->fileuserdata       = 00000239E1596F08
[LOG] SystemI::createSoundInternal             : exinfo->initialseekpostype = 1
[LOG] SystemI::DSPCodecPoolRegister            : register codec pool for pool type 5
[LOG] SystemI::createSoundInternal             : Sample 0/1: name='footstep_water_walk_08', format=5, channels=2, frequency=48000, lengthbytes=9920, lengthpcm=35351, pcmblocksize=0, loopstart=0, loopend=0, mode=0x00000000, channelmask=0x00000000, channelorder=0, peakvolume=0.903137.
[LOG] SystemI::createSoundInternal             : Create name='', mode=0x02000202
[LOG] SystemI::createSoundInternal             : exinfo->cbsize             = 224
[LOG] SystemI::createSoundInternal             : exinfo->length             = 305440
[LOG] SystemI::createSoundInternal             : exinfo->fileoffset         = 27616
[LOG] SystemI::createSoundInternal             : exinfo->numsubsounds       = 1
[LOG] SystemI::createSoundInternal             : exinfo->inclusionlist      = 000000CCC72FEF08
[LOG] SystemI::createSoundInternal             : exinfo->inclusionlistnum   = 1
[LOG] SystemI::createSoundInternal             : exinfo->suggestedsoundtype = 5
[LOG] SystemI::createSoundInternal             : exinfo->useropen           = 00007FFD409D5B90
[LOG] SystemI::createSoundInternal             : exinfo->userclose          = 00007FFD409D5B50
[LOG] SystemI::createSoundInternal             : exinfo->userread           = 00007FFD409D5C70
[LOG] SystemI::createSoundInternal             : exinfo->userseek           = 00007FFD409D5D30
[LOG] SystemI::createSoundInternal             : exinfo->fileuserdata       = 00000239E1596F08
[LOG] SystemI::createSoundInternal             : exinfo->initialseekpostype = 1
[LOG] SystemI::DSPCodecPoolRegister            : register codec pool for pool type 5
[LOG] SystemI::createSoundInternal             : Sample 0/1: name='footstep_water_walk_07', format=5, channels=2, frequency=48000, lengthbytes=8992, lengthpcm=32989, pcmblocksize=0, loopstart=0, loopend=0, mode=0x00000000, channelmask=0x00000000, channelorder=0, peakvolume=0.912170.
[LOG] SystemI::createSoundInternal             : Create name='', mode=0x02000202
[LOG] SystemI::createSoundInternal             : exinfo->cbsize             = 224
[LOG] SystemI::createSoundInternal             : exinfo->length             = 305440
[LOG] SystemI::createSoundInternal             : exinfo->fileoffset         = 27616
[LOG] SystemI::createSoundInternal             : exinfo->numsubsounds       = 1
[LOG] SystemI::createSoundInternal             : exinfo->inclusionlist      = 000000CCC72FEF08
[LOG] SystemI::createSoundInternal             : exinfo->inclusionlistnum   = 1
[LOG] SystemI::createSoundInternal             : exinfo->suggestedsoundtype = 5
[LOG] SystemI::createSoundInternal             : exinfo->useropen           = 00007FFD409D5B90
[LOG] SystemI::createSoundInternal             : exinfo->userclose          = 00007FFD409D5B50
[LOG] SystemI::createSoundInternal             : exinfo->userread           = 00007FFD409D5C70
[LOG] SystemI::createSoundInternal             : exinfo->userseek           = 00007FFD409D5D30
[LOG] SystemI::createSoundInternal             : exinfo->fileuserdata       = 00000239E1596F08
[LOG] SystemI::createSoundInternal             : exinfo->initialseekpostype = 1
[LOG] SystemI::DSPCodecPoolRegister            : register codec pool for pool type 5
[LOG] SystemI::createSoundInternal             : Sample 0/1: name='footstep_concrete_walk_01', format=5, channels=2, frequency=48000, lengthbytes=4032, lengthpcm=15007, pcmblocksize=0, loopstart=0, loopend=0, mode=0x00000000, channelmask=0x00000000, channelorder=0, peakvolume=0.890350.
[LOG] SystemI::createSoundInternal             : Create name='', mode=0x02000202
[LOG] SystemI::createSoundInternal             : exinfo->cbsize             = 224
[LOG] SystemI::createSoundInternal             : exinfo->length             = 305440
[LOG] SystemI::createSoundInternal             : exinfo->fileoffset         = 27616
[LOG] SystemI::createSoundInternal             : exinfo->numsubsounds       = 1
[LOG] SystemI::createSoundInternal             : exinfo->inclusionlist      = 000000CCC72FEF08
[LOG] SystemI::createSoundInternal             : exinfo->inclusionlistnum   = 1
[LOG] SystemI::createSoundInternal             : exinfo->suggestedsoundtype = 5
[LOG] SystemI::createSoundInternal             : exinfo->useropen           = 00007FFD409D5B90
[LOG] SystemI::createSoundInternal             : exinfo->userclose          = 00007FFD409D5B50
[LOG] SystemI::createSoundInternal             : exinfo->userread           = 00007FFD409D5C70
[LOG] SystemI::createSoundInternal             : exinfo->userseek           = 00007FFD409D5D30
[LOG] SystemI::createSoundInternal             : exinfo->fileuserdata       = 00000239E1596F08
[LOG] SystemI::createSoundInternal             : exinfo->initialseekpostype = 1
[LOG] SystemI::DSPCodecPoolRegister            : register codec pool for pool type 5
[LOG] SystemI::createSoundInternal             : Sample 0/1: name='Footstep Carpet 05', format=5, channels=1, frequency=48000, lengthbytes=4992, lengthpcm=30000, pcmblocksize=0, loopstart=0, loopend=0, mode=0x00000000, channelmask=0x00000000, channelorder=0, peakvolume=0.578979.
[LOG] SystemI::createSoundInternal             : Create name='', mode=0x02000202
[LOG] SystemI::createSoundInternal             : exinfo->cbsize             = 224
[LOG] SystemI::createSoundInternal             : exinfo->length             = 305440
[LOG] SystemI::createSoundInternal             : exinfo->fileoffset         = 27616
[LOG] SystemI::createSoundInternal             : exinfo->numsubsounds       = 1
[LOG] SystemI::createSoundInternal             : exinfo->inclusionlist      = 000000CCC72FEF08
[LOG] SystemI::createSoundInternal             : exinfo->inclusionlistnum   = 1
[LOG] SystemI::createSoundInternal             : exinfo->suggestedsoundtype = 5
[LOG] SystemI::createSoundInternal             : exinfo->useropen           = 00007FFD409D5B90
[LOG] SystemI::createSoundInternal             : exinfo->userclose          = 00007FFD409D5B50
[LOG] SystemI::createSoundInternal             : exinfo->userread           = 00007FFD409D5C70
[LOG] SystemI::createSoundInternal             : exinfo->userseek           = 00007FFD409D5D30
[LOG] SystemI::createSoundInternal             : exinfo->fileuserdata       = 00000239E1596F08
[LOG] SystemI::createSoundInternal             : exinfo->initialseekpostype = 1
[LOG] SystemI::DSPCodecPoolRegister            : register codec pool for pool type 5
[LOG] SystemI::createSoundInternal             : Sample 0/1: name='footstep_wood_walk_06', format=5, channels=2, frequency=48000, lengthbytes=3232, lengthpcm=12480, pcmblocksize=0, loopstart=0, loopend=0, mode=0x00000000, channelmask=0x00000000, channelorder=0, peakvolume=0.891571.
[LOG] SystemI::createSoundInternal             : Create name='', mode=0x02000202
[LOG] SystemI::createSoundInternal             : exinfo->cbsize             = 224
[LOG] SystemI::createSoundInternal             : exinfo->length             = 305440
[LOG] SystemI::createSoundInternal             : exinfo->fileoffset         = 27616
[LOG] SystemI::createSoundInternal             : exinfo->numsubsounds       = 1
[LOG] SystemI::createSoundInternal             : exinfo->inclusionlist      = 000000CCC72FEF08
[LOG] SystemI::createSoundInternal             : exinfo->inclusionlistnum   = 1
[LOG] SystemI::createSoundInternal             : exinfo->suggestedsoundtype = 5
[LOG] SystemI::createSoundInternal             : exinfo->useropen           = 00007FFD409D5B90
[LOG] SystemI::createSoundInternal             : exinfo->userclose          = 00007FFD409D5B50
[LOG] SystemI::createSoundInternal             : exinfo->userread           = 00007FFD409D5C70
[LOG] SystemI::createSoundInternal             : exinfo->userseek           = 00007FFD409D5D30
[LOG] SystemI::createSoundInternal             : exinfo->fileuserdata       = 00000239E1596F08
[LOG] SystemI::createSoundInternal             : exinfo->initialseekpostype = 1
[LOG] SystemI::DSPCodecPoolRegister            : register codec pool for pool type 5
[LOG] SystemI::createSoundInternal             : Sample 0/1: name='footstep_concrete_walk_08', format=5, channels=2, frequency=48000, lengthbytes=3072, lengthpcm=11301, pcmblocksize=0, loopstart=0, loopend=0, mode=0x00000000, channelmask=0x00000000, channelorder=0, peakvolume=0.890625.
[LOG] SystemI::createSoundInternal             : Create name='', mode=0x02000202
[LOG] SystemI::createSoundInternal             : exinfo->cbsize             = 224
[LOG] SystemI::createSoundInternal             : exinfo->length             = 305440
[LOG] SystemI::createSoundInternal             : exinfo->fileoffset         = 27616
[LOG] SystemI::createSoundInternal             : exinfo->numsubsounds       = 1
[LOG] SystemI::createSoundInternal             : exinfo->inclusionlist      = 000000CCC72FEF08
[LOG] SystemI::createSoundInternal             : exinfo->inclusionlistnum   = 1
[LOG] SystemI::createSoundInternal             : exinfo->suggestedsoundtype = 5
[LOG] SystemI::createSoundInternal             : exinfo->useropen           = 00007FFD409D5B90
[LOG] SystemI::createSoundInternal             : exinfo->userclose          = 00007FFD409D5B50
[LOG] SystemI::createSoundInternal             : exinfo->userread           = 00007FFD409D5C70
[LOG] SystemI::createSoundInternal             : exinfo->userseek           = 00007FFD409D5D30
[LOG] SystemI::createSoundInternal             : exinfo->fileuserdata       = 00000239E1596F08
[LOG] SystemI::createSoundInternal             : exinfo->initialseekpostype = 1
[LOG] SystemI::DSPCodecPoolRegister            : register codec pool for pool type 5
[LOG] SystemI::createSoundInternal             : Sample 0/1: name='footstep_wood_walk_03', format=5, channels=2, frequency=48000, lengthbytes=2752, lengthpcm=9844, pcmblocksize=0, loopstart=0, loopend=0, mode=0x00000000, channelmask=0x00000000, channelorder=0, peakvolume=0.891113.
[LOG] SystemI::createSoundInternal             : Create name='', mode=0x02000202
[LOG] SystemI::createSoundInternal             : exinfo->cbsize             = 224
[LOG] SystemI::createSoundInternal             : exinfo->length             = 305440
[LOG] SystemI::createSoundInternal             : exinfo->fileoffset         = 27616
[LOG] SystemI::createSoundInternal             : exinfo->numsubsounds       = 1
[LOG] SystemI::createSoundInternal             : exinfo->inclusionlist      = 000000CCC72FEF08
[LOG] SystemI::createSoundInternal             : exinfo->inclusionlistnum   = 1
[LOG] SystemI::createSoundInternal             : exinfo->suggestedsoundtype = 5
[LOG] SystemI::createSoundInternal             : exinfo->useropen           = 00007FFD409D5B90
[LOG] SystemI::createSoundInternal             : exinfo->userclose          = 00007FFD409D5B50
[LOG] SystemI::createSoundInternal             : exinfo->userread           = 00007FFD409D5C70
[LOG] SystemI::createSoundInternal             : exinfo->userseek           = 00007FFD409D5D30
[LOG] SystemI::createSoundInternal             : exinfo->fileuserdata       = 00000239E1596F08
[LOG] SystemI::createSoundInternal             : exinfo->initialseekpostype = 1
[LOG] SystemI::DSPCodecPoolRegister            : register codec pool for pool type 5
[LOG] SystemI::createSoundInternal             : Sample 0/1: name='footstep_wood_walk_07', format=5, channels=2, frequency=48000, lengthbytes=3296, lengthpcm=12573, pcmblocksize=0, loopstart=0, loopend=0, mode=0x00000000, channelmask=0x00000000, channelorder=0, peakvolume=0.888824.
[LOG] SoundI::release                          :  (00000237E734BC18)
[LOG] SoundI::release                          :     footstep_wood_walk_01 (0000023B13965BD8)
[LOG] SoundI::release                          :  (00000239DFCDC458)
[LOG] SoundI::release                          :     footstep_wood_walk_02 (0000023B057B3A48)
[LOG] SoundI::release                          :  (0000023B2151A6D8)
[LOG] SoundI::release                          :     footstep_wood_walk_03 (0000023B200559E8)
[LOG] SoundI::release                          :  (0000023B21519E38)
[LOG] SoundI::release                          :     footstep_wood_walk_04 (00000239E373D088)
[LOG] SoundI::release                          :  (00000239DFCDD598)
[LOG] SoundI::release                          :     footstep_wood_walk_05 (0000023B057B3708)
[LOG] SoundI::release                          :  (0000023B2151A848)
[LOG] SoundI::release                          :     footstep_wood_walk_06 (00000237E7521228)
[LOG] SoundI::release                          :  (0000023B2055A1F8)
[LOG] SoundI::release                          :     footstep_wood_walk_07 (0000023B20054E88)
[LOG] SoundI::release                          :  (00000237E68309A8)
[LOG] SoundI::release                          :     footstep_wood_walk_08 (00000239D3C02A38)
[LOG] SoundI::release                          :  (00000237E6830F68)
[LOG] SoundI::release                          :     Footstep Metal 01 (00000239D3C02898)
[LOG] SoundI::release                          :  (0000023A42D49A08)
[LOG] SoundI::release                          :     Footstep Metal 02 (0000023B60C156A8)
[LOG] SoundI::release                          :  (00000237E6830B18)
[LOG] SoundI::release                          :     Footstep Metal 03 (0000023B1C319DA8)
[LOG] SoundI::release                          :  (00000239DFCDB768)
[LOG] SoundI::release                          :     Footstep Metal 04 (0000023B633DC3A8)
[LOG] SoundI::release                          :  (0000023B21519CC8)
[LOG] SoundI::release                          :     Footstep Metal 05 (00000239E373D228)
[LOG] SoundI::release                          :  (0000023A42D49448)
[LOG] SoundI::release                          :     Footstep Metal 06 (0000023B60C15368)
[LOG] SoundI::release                          :  (0000023B21519FA8)
[LOG] SoundI::release                          :     Footstep Metal 07 (00000239E373D568)
[LOG] SoundI::release                          :  (00000237E734B4E8)
[LOG] SoundI::release                          :     Footstep Metal 08 (0000023B13965D78)
[LOG] SoundI::release                          :  (0000023B2151A9B8)
[LOG] SoundI::release                          :     footstep_concrete_walk_01 (00000237E7521568)
[LOG] SoundI::release                          :  (00000237E6831698)
[LOG] SoundI::release                          :     footstep_concrete_walk_02 (0000023B1C319F48)
[LOG] SoundI::release                          :  (00000237E734B098)
[LOG] SoundI::release                          :     footstep_concrete_walk_03 (0000023B60C15508)
[LOG] SoundI::release                          :  (00000239DFCDD428)
[LOG] SoundI::release                          :     footstep_concrete_walk_04 (0000023B057B38A8)
[LOG] SoundI::release                          :  (00000239DFCDBA48)
[LOG] SoundI::release                          :     footstep_concrete_walk_05 (0000023B633DCD68)
[LOG] SoundI::release                          :  (00000237E734B7C8)
[LOG] SoundI::release                          :     footstep_concrete_walk_06 (0000023B139656F8)
[LOG] SoundI::release                          :  (00000237E68310D8)
[LOG] SoundI::release                          :     footstep_concrete_walk_07 (0000023B1C31A428)
[LOG] SoundI::release                          :  (0000023B2151A568)
[LOG] SoundI::release                          :     footstep_concrete_walk_08 (0000023B20055508)
[LOG] SoundI::release                          :  (00000239DFCDC178)
[LOG] SoundI::release                          :     footstep_water_walk_01 (0000023B057B3BE8)
[LOG] SoundI::release                          :  (00000237E734BAA8)
[LOG] SoundI::release                          :     footstep_water_walk_02 (0000023B13965A38)
[LOG] SoundI::release                          :  (00000239DFCDCE68)
[LOG] SoundI::release                          :     footstep_water_walk_03 (00000239DFCDDC58)
[LOG] SoundI::release                          :  (00000237E6830DF8)
[LOG] SoundI::release                          :     footstep_water_walk_04 (00000239E373DD88)
[LOG] SoundI::release                          :  (00000239DFCDC5C8)
[LOG] SoundI::release                          :     footstep_water_walk_05 (0000023B633DC888)
[LOG] SoundI::release                          :  (00000237E68313B8)
[LOG] SoundI::release                          :     footstep_water_walk_06 (00000239D3C02D78)
[LOG] SoundI::release                          :  (0000023B2151A118)
[LOG] SoundI::release                          :     footstep_water_walk_07 (00000237E7520EE8)
[LOG] SoundI::release                          :  (0000023B2151A3F8)
[LOG] SoundI::release                          :     footstep_water_walk_08 (00000239E373DBE8)
[LOG] SoundI::release                          :  (00000239DFCDC738)
[LOG] SoundI::release                          :     Footstep Carpet 01 (0000023B633DC548)
[LOG] SoundI::release                          :  (0000023A42D495B8)
[LOG] SoundI::release                          :     Footstep Carpet 02 (0000023B60C159E8)
[LOG] SoundI::release                          :  (00000239DFCDD2B8)
[LOG] SoundI::release                          :     Footstep Carpet 03 (0000023B057B40C8)
[LOG] SoundI::release                          :  (00000237E6830C88)
[LOG] SoundI::release                          :     Footstep Carpet 04 (0000023B1C31A288)
[LOG] SoundI::release                          :  (0000023B2151A288)
[LOG] SoundI::release                          :     Footstep Carpet 05 (00000237E75213C8)
[LOG] SoundI::release                          :  (00000237E6831528)
[LOG] SoundI::release                          :     Footstep Carpet 06 (0000023B1C319C08)
[LOG] SoundI::release                          :  (00000237E734B938)
[LOG] SoundI::release                          :     Footstep Carpet 07 (0000023B13965558)
[LOG] SoundI::release                          :  (00000237E6831248)
[LOG] SoundI::release                          :     Footstep Carpet 08 (00000239D3C02078)
[LOG] Thread::callback                         : FMOD Studio bank load thread finished.
[LOG] Thread::callback                         : FMOD Studio sample load thread finished.
[LOG] LiveUpdate::release                      : 
[LOG] LiveUpdate::reset                        : Reset connection (reason Disconnected)
[LOG] Thread::callback                         : FMOD stream thread finished.
[LOG] Thread::callback                         : FMOD mixer thread finished.
[LOG] SystemI::close                           : Closed.
